<?xml version="1.0" encoding="UTF-8"?>
<testsuites name="you tube" time="26.089" tests="1" failures="0" errors="0">
   <testsuite name="you tube" tests="1" failures="0" errors="0" time="26.089" skipped="0" timestamp="07-10-2024T22:53:59" hostname="GR644HV - XW5CG3415Q46.ey.net" id="Test Suites/you tube">
      <properties>
         <property name="deviceName" value=""/>
         <property name="devicePlatform"/>
         <property name="logFolder" value="C:\\Users\\GR644HV\\git\\KatalonLocalParameter\\Reports\\20241007_225347\\you tube\\20241007_225347"/>
         <property name="logFiles" value="C:\\Users\\GR644HV\\git\\KatalonLocalParameter\\Reports\\20241007_225347\\you tube\\20241007_225347\\execution0.log"/>
         <property name="attachments" value=""/>
         <property name="hostName" value="GR644HV - XW5CG3415Q46.ey.net"/>
         <property name="os" value="Windows 10 64bit"/>
         <property name="katalonVersion" value="9.7.2.223"/>
         <property name="browser" value="Edge Chromium 129"/>
         <property name="hostAddress" value="192.168.1.7"/>
         <property name="sessionId" value="3270c641a92a4bf5f4cd2d1e82d9cb66"/>
         <property name="seleniumVersion" value="3.141.59"/>
         <property name="proxyInformation" value="ProxyInformation { proxyOption=NO_PROXY, proxyServerType=HTTP, username=, password=********, proxyServerAddress=, proxyServerPort=0, executionList=&quot;&quot;, isApplyToDesiredCapabilities=true }"/>
         <property name="platform" value="Windows 10"/>
      </properties>
      <testcase name="Test Cases/you tube" time="25.793" classname="Test Cases/you tube" status="PASSED">
         <system-out><![CDATA[07-10-2024T22:53:59 - [TEST_CASE][PASSED] - Test Cases/you tube: Test Cases/you tube

07-10-2024T22:54:00 - [TEST_STEP][PASSED] - openBrowser(""): Browser is opened with url: ''

07-10-2024T22:54:00 - [MESSAGE][INFO] - Starting 'Edge Chromium' driver

07-10-2024T22:54:03 - [MESSAGE][INFO] - Action delay is set to 0 milliseconds

07-10-2024T22:54:04 - [MESSAGE][PASSED] - Browser is opened with url: ''

07-10-2024T22:54:04 - [TEST_STEP][PASSED] - navigateToUrl("https://www.youtube.com/"): Navigate to 'https://www.youtube.com/' successfully

07-10-2024T22:54:08 - [MESSAGE][PASSED] - Navigate to 'https://www.youtube.com/' successfully

07-10-2024T22:54:08 - [TEST_STEP][PASSED] - setText(findTestObject("Object Repository/you tube/Page_YouTube/input_Skip navigation_search_query"), "devara trailer telugu"): Text 'devara trailer telugu' is set on object 'Object Repository/you tube/Page_YouTube/input_Skip navigation_search_query'

07-10-2024T22:54:11 - [MESSAGE][PASSED] - Text 'devara trailer telugu' is set on object 'Object Repository/you tube/Page_YouTube/input_Skip navigation_search_query'

07-10-2024T22:54:11 - [TEST_STEP][PASSED] - click(findTestObject("Object Repository/Page_YouTube/div")): Object: 'Object Repository/Page_YouTube/div' is clicked on

07-10-2024T22:54:11 - [MESSAGE][PASSED] - Object: 'Object Repository/Page_YouTube/div' is clicked on

07-10-2024T22:54:11 - [TEST_STEP][PASSED] - click(findTestObject("Object Repository/Page_devara trailer telugu - YouTube/a_Devara Release Trailer (Telugu)  NTR  Sai_20a690")): Object: 'Object Repository/Page_devara trailer telugu - YouTube/a_Devara Release Trailer (Telugu)  NTR  Sai_20a690' is clicked on

07-10-2024T22:54:14 - [MESSAGE][PASSED] - Object: 'Object Repository/Page_devara trailer telugu - YouTube/a_Devara Release Trailer (Telugu)  NTR  Sai_20a690' is clicked on

07-10-2024T22:54:14 - [TEST_STEP][PASSED] - delay(10): Delayed 10 second(s)

07-10-2024T22:54:24 - [MESSAGE][PASSED] - Delayed 10 second(s)

07-10-2024T22:54:24 - [TEST_STEP][PASSED] - click(findTestObject("Object Repository/Page_Devara Release Trailer (Telugu)  NTR  _7131e8/button_An error occurred while retrieving s_c218eb")): Object: 'Object Repository/Page_Devara Release Trailer (Telugu)  NTR  _7131e8/button_An error occurred while retrieving s_c218eb' is clicked on

07-10-2024T22:54:25 - [MESSAGE][PASSED] - Object: 'Object Repository/Page_Devara Release Trailer (Telugu)  NTR  _7131e8/button_An error occurred while retrieving s_c218eb' is clicked on

07-10-2024T22:54:25 - [TEST_STEP][PASSED] - closeBrowser(): Browser is closed

07-10-2024T22:54:25 - [MESSAGE][PASSED] - Browser is closed]]></system-out>
         <system-err><![CDATA[]]></system-err>
      </testcase>
      <system-out><![CDATA[07-10-2024T22:53:59 - [TEST_SUITE][PASSED] - you tube: Test Cases/you tube]]></system-out>
      <system-err><![CDATA[]]></system-err>
   </testsuite>
</testsuites>
